C51 COMPILER V9.59.0.0   DS1302                                                            10/14/2019 21:10:40 PAGE 1   


C51 COMPILER V9.59.0.0, COMPILATION OF MODULE DS1302
OBJECT MODULE PLACED IN .\Objects\ds1302.obj
COMPILER INVOKED BY: G:\keil\C51\BIN\C51.EXE ds1302.c OPTIMIZE(8,SPEED) BROWSE DEBUG OBJECTEXTEND PRINT(.\Listings\ds130
                    -2.lst) TABS(2) OBJECT(.\Objects\ds1302.obj)

line level    source

   1          #include "ds1302.h"
   2          
   3          //---DS1302写入和读取时分秒的地址命令---//
   4          //---秒分时日月周年 最低位读写位;-------//
   5          uchar code READ_RTC_ADDR[7] = {0x81, 0x83, 0x85, 0x87, 0x89, 0x8b, 0x8d}; 
   6          uchar code WRITE_RTC_ADDR[7] = {0x80, 0x82, 0x84, 0x86, 0x88, 0x8a, 0x8c};
   7          
   8          //---DS1302时钟初始化2016年5月7日星期六12点00分00秒。---//
   9          //---存储顺序是秒分时日月周年,存储格式是用BCD码---//
  10          uchar TIME[7] = {0, 0, 0x12, 0x07, 0x05, 0x06, 0x16};
  11          
  12          /*******************************************************************************
  13          * 函 数 名         : Ds1302Write
  14          * 函数功能       : 向DS1302命令（地址+数据）
  15          * 输    入         : addr,dat
  16          * 输    出         : 无
  17          *******************************************************************************/
  18          void Ds1302Write(uchar addr, uchar dat)
  19          {
  20   1        uchar n;
  21   1        RST = 0;
  22   1        _nop_();
  23   1      
  24   1        SCLK = 0;//先将SCLK置低电平。
  25   1        _nop_();
  26   1        RST = 1; //然后将RST(CE)置高电平。
  27   1        _nop_();
  28   1      
  29   1        for (n=0; n<8; n++)//开始传送八位地址命令
  30   1        {
  31   2          DSIO = addr & 0x01;//数据从低位开始传送
  32   2          addr >>= 1;
  33   2          SCLK = 1;//数据在上升沿时，DS1302读取数据
  34   2          _nop_();
  35   2          SCLK = 0;
  36   2          _nop_();
  37   2        }
  38   1        for (n=0; n<8; n++)//写入8位数据
  39   1        {
  40   2          DSIO = dat & 0x01;
  41   2          dat >>= 1;
  42   2          SCLK = 1;//数据在上升沿时，DS1302读取数据
  43   2          _nop_();
  44   2          SCLK = 0;
  45   2          _nop_();  
  46   2        } 
  47   1           
  48   1        RST = 0;//传送数据结束
  49   1        _nop_();
  50   1      }
  51          
  52          /*******************************************************************************
  53          * 函 数 名         : Ds1302Read
  54          * 函数功能       : 读取一个地址的数据
C51 COMPILER V9.59.0.0   DS1302                                                            10/14/2019 21:10:40 PAGE 2   

  55          * 输    入         : addr
  56          * 输    出         : dat
  57          *******************************************************************************/
  58          
  59          uchar Ds1302Read(uchar addr)
  60          {
  61   1        uchar n,dat,dat1;
  62   1        RST = 0;
  63   1        _nop_();
  64   1      
  65   1        SCLK = 0;//先将SCLK置低电平。
  66   1        _nop_();
  67   1        RST = 1;//然后将RST(CE)置高电平。
  68   1        _nop_();
  69   1      
  70   1        for(n=0; n<8; n++)//开始传送八位地址命令
  71   1        {
  72   2          DSIO = addr & 0x01;//数据从低位开始传送
  73   2          addr >>= 1;
  74   2          SCLK = 1;//数据在上升沿时，DS1302读取数据
  75   2          _nop_();
  76   2          SCLK = 0;//DS1302下降沿时，放置数据
  77   2          _nop_();
  78   2        }
  79   1        _nop_();
  80   1        for(n=0; n<8; n++)//读取8位数据
  81   1        {
  82   2          dat1 = DSIO;//从最低位开始接收
  83   2          dat = (dat>>1) | (dat1<<7);
  84   2          SCLK = 1;
  85   2          _nop_();
  86   2          SCLK = 0;//DS1302下降沿时，放置数据
  87   2          _nop_();
  88   2        }
  89   1      
  90   1        RST = 0;
  91   1        _nop_();  //以下为DS1302复位的稳定时间,必须的。
  92   1        SCLK = 1;
  93   1        _nop_();
  94   1        DSIO = 0;
  95   1        _nop_();
  96   1        DSIO = 1;
  97   1        _nop_();
  98   1        return dat; 
  99   1      }
 100          
 101          /*******************************************************************************
 102          * 函 数 名         : Ds1302Init
 103          * 函数功能       : 初始化DS1302.
 104          * 输    入         : 无
 105          * 输    出         : 无
 106          *******************************************************************************/
 107          
 108          void Ds1302Init()
 109          {
 110   1        uchar n;
 111   1        Ds1302Write(0x8E,0X00);    //禁止写保护，就是关闭写保护功能
 112   1        for (n=0; n<7; n++)//写入7个字节的时钟信号：分秒时日月周年
 113   1        {
 114   2          Ds1302Write(WRITE_RTC_ADDR[n],TIME[n]); 
 115   2        }
 116   1        Ds1302Write(0x8E,0x80);    //打开写保护功能
C51 COMPILER V9.59.0.0   DS1302                                                            10/14/2019 21:10:40 PAGE 3   

 117   1      }
 118          
 119          /*******************************************************************************
 120          * 函 数 名         : Ds1302ReadTime
 121          * 函数功能       : 读取时钟信息
 122          * 输    入         : 无
 123          * 输    出         : 无
 124          *******************************************************************************/
 125          
 126          void Ds1302ReadTime()
 127          {
 128   1        uchar n;
 129   1        for (n=0; n<7; n++)//读取7个字节的时钟信号：分秒时日月周年
 130   1        {
 131   2          TIME[n] = Ds1302Read(READ_RTC_ADDR[n]);
 132   2        }
 133   1          
 134   1      }
 135          
 136          
 137          
 138          
 139          
 140          


MODULE INFORMATION:   STATIC OVERLAYABLE
   CODE SIZE        =    238    ----
   CONSTANT SIZE    =     14    ----
   XDATA SIZE       =   ----    ----
   PDATA SIZE       =   ----    ----
   DATA SIZE        =      7    ----
   IDATA SIZE       =   ----    ----
   BIT SIZE         =   ----    ----
END OF MODULE INFORMATION.


C51 COMPILATION COMPLETE.  0 WARNING(S),  0 ERROR(S)
