C51 COMPILER V9.59.0.0   I2C                                                               10/14/2019 15:54:39 PAGE 1   


C51 COMPILER V9.59.0.0, COMPILATION OF MODULE I2C
OBJECT MODULE PLACED IN .\Objects\I2C.obj
COMPILER INVOKED BY: G:\keil\C51\BIN\C51.EXE I2C.c OPTIMIZE(8,SPEED) BROWSE DEBUG OBJECTEXTEND PRINT(.\Listings\I2C.lst)
                    - TABS(2) OBJECT(.\Objects\I2C.obj)

line level    source

   1          #include "I2C.h"
   2          
   3          void Delayus(unsigned int number)
   4          {
   5   1       while(number--);
   6   1      }
   7          
   8          void DelayMs(unsigned int number)
   9          {
  10   1       unsigned char temp;
  11   1       for(;number!=0;number--)
  12   1       {
  13   2        for(temp=112;temp!=0;temp--);
  14   2        {}
  15   2       }
  16   1      }
  17          /*************************************************************************
  18          *函数名：iic_start
  19          *函数功能：模拟开始时序
  20          *************************************************************************/
  21          void iic_start()
  22          {
  23   1       SDA=1;
  24   1       Delayus(4);
  25   1       SCL=1;
  26   1       Delayus(4);
  27   1       SDA=0;
  28   1       Delayus(4);
  29   1       SCL=0;
  30   1       Delayus(4);
  31   1      }
  32          /*************************************************************************
  33          *函数名：iic_stop
  34          *函数功能：模拟结束时序
  35          *************************************************************************/
  36          void iic_stop()
  37          {
  38   1       SCL=0;
  39   1       Delayus(4);
  40   1       SDA=0;
  41   1       Delayus(4);
  42   1       SCL=1;
  43   1       Delayus(4);
  44   1       SDA=1;
  45   1       Delayus(4);
  46   1      }
  47          /*************************************************************************
  48          *函数名：iic_ack
  49          *函数功能：单片机给予应答
  50          *************************************************************************/
  51          void iic_ack()
  52          {
  53   1       SDA=0;
  54   1       Delayus(4);
C51 COMPILER V9.59.0.0   I2C                                                               10/14/2019 15:54:39 PAGE 2   

  55   1       SCL=1;
  56   1       Delayus(4);
  57   1       SCL=0;
  58   1       Delayus(4);
  59   1       SDA=1;
  60   1       Delayus(4);
  61   1      }
  62          /*************************************************************************
  63          *函数名：iic_NoAck
  64          *函数功能：单片机不给予应答
  65          *************************************************************************/
  66          void iic_NoAck()
  67          {
  68   1       SDA=1;
  69   1       Delayus(4);
  70   1       SCL=1;
  71   1       Delayus(4);
  72   1       SCL=0;
  73   1       Delayus(4);
  74   1       SDA=0;
  75   1      }
  76          /*************************************************************************
  77          *函数名：iic_testack
  78          *函数功能：检测模块是否返回应答（检测应答信号，0：应答，1：非应答）
  79          *************************************************************************/
  80          bit iic_testack()   
  81          {
  82   1       bit ErrorBit;
  83   1       SDA=1;
  84   1       Delayus(4);
  85   1       SCL=1;
  86   1       Delayus(4);
  87   1       ErrorBit=SDA;
  88   1       Delayus(4);
  89   1       SCL=0;
  90   1       return ErrorBit;
  91   1      }
  92          /*************************************************************************
  93          *函数名：iic_write8bit
  94          *函数功能：向模块写入8位
  95          *************************************************************************/
  96          void iic_write8bit(unsigned char input)
  97          {
  98   1       unsigned char temp;
  99   1       for(temp=8;temp!=0;temp--)
 100   1       {
 101   2        SDA=(bit)(input&0x80);  //此时取的是input的最高位
 102   2        Delayus(4);
 103   2        SCL=1;
 104   2        Delayus(4);
 105   2        SCL=0;
 106   2        Delayus(4);
 107   2        input=input<<1;
 108   2       }
 109   1      }
 110          /*************************************************************************
 111          *函数名：iic_read8bit
 112          *函数功能：读取模块反馈的8位
 113          *************************************************************************/
 114          unsigned char iic_read8bit()
 115          {
 116   1       unsigned char temp,rbyte=0;
C51 COMPILER V9.59.0.0   I2C                                                               10/14/2019 15:54:39 PAGE 3   

 117   1       for(temp=8;temp!=0;temp--)
 118   1       {
 119   2        SCL=1;
 120   2        Delayus(4);
 121   2        rbyte=rbyte<<1;
 122   2        rbyte=rbyte|((unsigned char)SDA);  //用rbyte记录SDA的值
 123   2        SCL=0;
 124   2       }
 125   1       return rbyte; 
 126   1      }
 127          


MODULE INFORMATION:   STATIC OVERLAYABLE
   CODE SIZE        =    182    ----
   CONSTANT SIZE    =   ----    ----
   XDATA SIZE       =   ----    ----
   PDATA SIZE       =   ----    ----
   DATA SIZE        =   ----    ----
   IDATA SIZE       =   ----    ----
   BIT SIZE         =   ----       1
END OF MODULE INFORMATION.


C51 COMPILATION COMPLETE.  0 WARNING(S),  0 ERROR(S)
