C51 COMPILER V9.59.0.0   KEY                                                               10/15/2019 21:33:03 PAGE 1   


C51 COMPILER V9.59.0.0, COMPILATION OF MODULE KEY
OBJECT MODULE PLACED IN .\Objects\key.obj
COMPILER INVOKED BY: G:\keil\C51\BIN\C51.EXE key.c OPTIMIZE(8,SPEED) BROWSE DEBUG OBJECTEXTEND PRINT(.\Listings\key.lst)
                    - TABS(2) OBJECT(.\Objects\key.obj)

line level    source

   1          #include "key.h"
   2          
   3          /*************************************************************************
   4          *函数名：Key_return
   5          *函数功能：多置开关返回值 0-默认状态 1-选择收音 2-选择SD卡 3-选择分析显示 4-通讯
   6          *************************************************************************/
   7          unsigned char Key_return()
   8           {
   9   1        if(state_default==0){
  10   2          return 0;
  11   2        }
  12   1        else if(state_FM==0){
  13   2          return 1;
  14   2        }
  15   1        else if(state_SD==0){
  16   2          return 2;
  17   2        }
  18   1        else if(state_AN==0){
  19   2          return 3;
  20   2        }
  21   1        else if(state_GPRS==0){
  22   2          return 4;
  23   2        }
  24   1      }
*** WARNING C291 IN LINE 24 OF key.c: not every exit path returns a value


MODULE INFORMATION:   STATIC OVERLAYABLE
   CODE SIZE        =     30    ----
   CONSTANT SIZE    =   ----    ----
   XDATA SIZE       =   ----    ----
   PDATA SIZE       =   ----    ----
   DATA SIZE        =   ----    ----
   IDATA SIZE       =   ----    ----
   BIT SIZE         =   ----    ----
END OF MODULE INFORMATION.


C51 COMPILATION COMPLETE.  1 WARNING(S),  0 ERROR(S)
