C51 COMPILER V9.59.0.0   UART                                                              10/15/2019 21:32:22 PAGE 1   


C51 COMPILER V9.59.0.0, COMPILATION OF MODULE UART
OBJECT MODULE PLACED IN .\Objects\uart.obj
COMPILER INVOKED BY: G:\keil\C51\BIN\C51.EXE uart.c OPTIMIZE(8,SPEED) BROWSE DEBUG OBJECTEXTEND PRINT(.\Listings\uart.ls
                    -t) TABS(2) OBJECT(.\Objects\uart.obj)

line level    source

   1          #include "uart.h"
   2          
   3          
   4          
   5          
   6          /*************************************************************
   7          *函数名：set_baudrate
   8          *函数功能：初始化所有串口（串口波特率一致，不开启使能引脚）
   9          ****************************************************************/
  10          void set_baudrate(float frequency,long int baudrate)
  11          { 
  12   1        unsigned int itmp;  
  13   1        unsigned char tlow,thigh;
  14   1      
  15   1        IRC24MCR = 0x80;//使能内部24M高精度IRC振荡器
  16   1        
  17   1        AUXR |= 0x01;   //串口1选择定时器2为波特率发生器
  18   1        AUXR |= 0x04;   //串口1模式0不加倍
  19   1        SCON = 0x50;    //串口方式1，1个起始位，1个停止位，8位数据
  20   1        PCON = 0x00;    //波特率不加倍,SMOD=0
  21   1        S2CON = 0x50;   //允许串口接收数据，选择定时器2为串口2波特率发生器
  22   1        S3CON = 0x10;   //允许串口接收数据，选择定时器2为串口3波特率发生器
  23   1        S4CON = 0x10;   //允许串口接收数据，选择定时器2为串口4波特率发生器
  24   1        
  25   1        itmp = (int)(65536-(frequency*1000000)/(baudrate*4));
  26   1        thigh = itmp/256;   
  27   1        tlow = itmp%256;  
  28   1      
  29   1        TH2 = thigh;  
  30   1        TL2 = tlow;   
  31   1        //EA = 1;   //打开总中断
  32   1        //ES = 1;   //打开串口1中断
  33   1        AUXR |= 0x10;   //启动定时器2
  34   1        //REN = 1;        //使能SCON串行接收位  
  35   1      
  36   1      }
  37          /*****************************************************************
  38          *函数名：TxByte
  39          *函数功能：串口发送一个字节数据（针对所有串口），发送不进入中断
  40          *****************************************************************/
  41          void TxByte(unsigned char dat) 
  42          {
  43   1        switch(uart_state){
  44   2          case 1:
  45   2            SBUF = dat;
  46   2            while(!TI);
  47   2            TI=0;
  48   2            break;
  49   2          case 2:
  50   2            S2BUF = dat;
  51   2            while(!(S2CON & 0x02));
  52   2            S2CON &= ~0x02;
  53   2            break;
  54   2          case 3:
C51 COMPILER V9.59.0.0   UART                                                              10/15/2019 21:32:22 PAGE 2   

  55   2            S3BUF = dat;
  56   2            while(!(S3CON & 0x02));
  57   2            S3CON &= ~0x02;
  58   2            break;
  59   2          case 4:
  60   2            S4BUF = dat;
  61   2            while(!(S4CON & 0x02));
  62   2            S4CON &= ~0x02;
  63   2            break;
  64   2        }
  65   1      }
  66          
  67          /**************************************************
  68          *函数名：UartSendStr
  69          *函数功能：发送字符串（针对所有串口）
  70          ***************************************************/
  71          void UartSendStr(unsigned char *p)
  72          {
  73   1        while(*p)
  74   1        {
  75   2          TxByte(*p++);
  76   2        }
  77   1      }
  78          /*******************************************************
  79          *函数名：Uart1Isr
  80          *函数功能：串口1的中断函数(分别处理GPS、SD、光感)
  81          *******************************************************/
  82          void UartIsr() interrupt 4
  83          {
  84   1        unsigned char tmp;  //接收缓存
  85   1        if(RI)
  86   1        {
  87   2          tmp=SBUF;
  88   2          switch (P_SW1){
  89   3            case 0x40: //RXD_2,SD卡处理
  90   3              break;
  91   3            case 0x80: //RXD_3,光感处理
  92   3              if(flag==3){
  93   4                if(tmp==0x5A)
  94   4                  flag++;
  95   4                else
  96   4                  flag=3;
  97   4              }
  98   3              else if(flag==4){
  99   4                if(tmp==0x5A)
 100   4                  flag++;
 101   4                else
 102   4                  flag=3;
 103   4              }
 104   3              else if((flag>=5)&&(flag<=11)){
 105   4                light[flag-5]=tmp;
 106   4                flag++;
 107   4                if(flag==11)
 108   4                  flag=3;receive_ok=1;ES=0;
 109   4              }
 110   3              else
 111   3                flag=3;  //消除记忆存储       
 112   3              break;
 113   3            case 0xc0: //RXD_4,GPS处理
 114   3              if(flag==0){
 115   4                if(tmp=='$') 
 116   4                  flag++;
C51 COMPILER V9.59.0.0   UART                                                              10/15/2019 21:32:22 PAGE 3   

 117   4                else 
 118   4                  flag=0;
 119   4              }
 120   3              else if(flag==1){
 121   4                if(tmp=='R')
 122   4                  flag++;
 123   4                else
 124   4                  flag=1;
 125   4              }
 126   3              else if(flag==2){
 127   4                if(tmp==','){
 128   5                  seg_count++;
 129   5                  byte_count=0;
 130   5                }
 131   4                else
 132   4                  switch(seg_count){
 133   5                    case 2:
 134   5                      lock=tmp;
 135   5                      break;
 136   5                    case 3:
 137   5                      WD[byte_count++]=tmp;
 138   5                      break;
 139   5                    case 4:
 140   5                      WD_a=tmp;
 141   5                      break;
 142   5                    case 5:
 143   5                      JD[byte_count++]=tmp;
 144   5                      break;
 145   5                    case 6:
 146   5                      JD_a=tmp;flag=0;receive_ok=1;ES=0;
 147   5                      break;
 148   5                  }
 149   4              }
 150   3              else 
 151   3                flag=0;  //消除记忆存储
 152   3              break;
 153   3          }
 154   2          RI=0;
 155   2        }
 156   1      }
 157          
 158          /*******************************************************
 159          *函数名：Uart3Isr
 160          *函数功能：串口3的中断函数(蓝牙)
 161          *******************************************************/
 162          void Uart3Isr() interrupt 17
 163          {
 164   1        //unsigned char tmp;
 165   1        if(S3CON & 0x01){
 166   2          
 167   2          S3CON &= ~0x01;
 168   2        }
 169   1      }


MODULE INFORMATION:   STATIC OVERLAYABLE
   CODE SIZE        =    487    ----
   CONSTANT SIZE    =   ----    ----
   XDATA SIZE       =   ----    ----
   PDATA SIZE       =   ----    ----
   DATA SIZE        =   ----      11
   IDATA SIZE       =   ----    ----
C51 COMPILER V9.59.0.0   UART                                                              10/15/2019 21:32:22 PAGE 4   

   BIT SIZE         =   ----    ----
END OF MODULE INFORMATION.


C51 COMPILATION COMPLETE.  0 WARNING(S),  0 ERROR(S)
